0 info it worked if it ends with ok
1 verbose cli [ '/usr/bin/nodejs', '/usr/bin/npm', 'install', '-g', 'Q' ]
2 info using npm@1.3.10
3 info using node@v0.10.25
4 verbose cache add [ 'Q', null ]
5 verbose cache add name=undefined spec="Q" args=["Q",null]
6 verbose parsed url { protocol: null,
6 verbose parsed url   slashes: null,
6 verbose parsed url   auth: null,
6 verbose parsed url   host: null,
6 verbose parsed url   port: null,
6 verbose parsed url   hostname: null,
6 verbose parsed url   hash: null,
6 verbose parsed url   search: null,
6 verbose parsed url   query: null,
6 verbose parsed url   pathname: 'Q',
6 verbose parsed url   path: 'Q',
6 verbose parsed url   href: 'Q' }
7 silly lockFile c3156e00-Q Q
8 verbose lock Q /home/adam/.npm/c3156e00-Q.lock
9 silly lockFile c3156e00-Q Q
10 silly lockFile c3156e00-Q Q
11 verbose addNamed [ 'Q', '' ]
12 verbose addNamed [ null, '*' ]
13 silly lockFile 561e3931-Q Q@
14 verbose lock Q@ /home/adam/.npm/561e3931-Q.lock
15 silly addNameRange { name: 'Q', range: '*', hasData: false }
16 verbose url raw Q
17 verbose url resolving [ 'https://registry.npmjs.org/', './Q' ]
18 verbose url resolved https://registry.npmjs.org/Q
19 info trying registry request attempt 1 at 17:30:18
20 http GET https://registry.npmjs.org/Q
21 http 404 https://registry.npmjs.org/Q
22 silly registry.get cb [ 404,
22 silly registry.get   { date: 'Wed, 11 Mar 2015 21:30:19 GMT',
22 silly registry.get     server: 'CouchDB/1.5.0 (Erlang OTP/R16B03)',
22 silly registry.get     'content-type': 'application/json',
22 silly registry.get     'cache-control': 'max-age=0',
22 silly registry.get     'content-length': '52',
22 silly registry.get     'accept-ranges': 'bytes',
22 silly registry.get     via: '1.1 varnish',
22 silly registry.get     age: '0',
22 silly registry.get     'x-served-by': 'cache-jfk1031-JFK',
22 silly registry.get     'x-cache': 'MISS',
22 silly registry.get     'x-cache-hits': '0',
22 silly registry.get     'x-timer': 'S1426109419.175251,VS0,VE15',
22 silly registry.get     'keep-alive': 'timeout=10, max=50',
22 silly registry.get     connection: 'Keep-Alive' } ]
23 silly lockFile 561e3931-Q Q@
24 silly lockFile 561e3931-Q Q@
25 error 404 'Q' is not in the npm registry.
25 error 404 You should bug the author to publish it
25 error 404
25 error 404 Note that you can also install from a
25 error 404 tarball, folder, or http url, or git url.
26 error System Linux 2.6.32-042stab092.3
27 error command "/usr/bin/nodejs" "/usr/bin/npm" "install" "-g" "Q"
28 error cwd /home/adam/kdip-cordova
29 error node -v v0.10.25
30 error npm -v 1.3.10
31 error code E404
32 verbose exit [ 1, true ]
